<?xml version="1.0" encoding="UTF-8"?>
<!-- Generated by org.testng.reporters.JUnitXMLReporter -->
<testsuite ignored="0" hostname="LAPTOP-FBD5JB60" failures="0" tests="4" name="Default test" time="3.99" errors="0" timestamp="2024-07-20T15:50:22 EDT">
  <testcase classname="api.test.UserTests" name="testPostUser" time="2.343"/>
  <testcase classname="api.test.UserTests" name="testGetUserByName" time="0.182"/>
  <testcase classname="api.test.UserTests" name="testUpdateUserByName" time="0.305"/>
  <testcase classname="api.test.UserTests" name="testDeleteUserByName" time="0.154"/>
</testsuite> <!-- Default test -->
