<?xml version="1.0" encoding="UTF-8"?>
<testng-results ignored="0" total="4" passed="4" failed="0" skipped="0">
  <reporter-output>
  </reporter-output>
  <suite started-at="2024-07-20T16:57:53 EDT" name="PetSuite" finished-at="2024-07-20T16:57:57 EDT" duration-ms="4316">
    <groups>
    </groups>
    <test started-at="2024-07-20T16:57:53 EDT" name="PetTest" finished-at="2024-07-20T16:57:57 EDT" duration-ms="4316">
      <class name="api.test.UserTests2">
        <test-method is-config="true" signature="setupData()[pri:0, instance:api.test.UserTests2@4ac3c60d]" started-at="2024-07-20T16:57:53 EDT" name="setupData" finished-at="2024-07-20T16:57:54 EDT" duration-ms="811" status="PASS">
          <reporter-output>
          </reporter-output>
        </test-method> <!-- setupData -->
        <test-method signature="testPostUser()[pri:1, instance:api.test.UserTests2@4ac3c60d]" started-at="2024-07-20T16:57:54 EDT" name="testPostUser" finished-at="2024-07-20T16:57:56 EDT" duration-ms="2442" status="PASS">
          <reporter-output>
          </reporter-output>
        </test-method> <!-- testPostUser -->
        <test-method signature="testGetUserByName()[pri:2, instance:api.test.UserTests2@4ac3c60d]" started-at="2024-07-20T16:57:56 EDT" name="testGetUserByName" finished-at="2024-07-20T16:57:56 EDT" duration-ms="208" status="PASS">
          <reporter-output>
          </reporter-output>
        </test-method> <!-- testGetUserByName -->
        <test-method signature="testUpdateUserByName()[pri:3, instance:api.test.UserTests2@4ac3c60d]" started-at="2024-07-20T16:57:56 EDT" name="testUpdateUserByName" finished-at="2024-07-20T16:57:57 EDT" duration-ms="327" status="PASS">
          <reporter-output>
          </reporter-output>
        </test-method> <!-- testUpdateUserByName -->
        <test-method signature="testDeleteUserByName()[pri:4, instance:api.test.UserTests2@4ac3c60d]" started-at="2024-07-20T16:57:57 EDT" name="testDeleteUserByName" finished-at="2024-07-20T16:57:57 EDT" duration-ms="148" status="PASS">
          <reporter-output>
          </reporter-output>
        </test-method> <!-- testDeleteUserByName -->
      </class> <!-- api.test.UserTests2 -->
    </test> <!-- PetTest -->
  </suite> <!-- PetSuite -->
</testng-results>
