<?xml version="1.0" encoding="UTF-8"?>
<!-- Generated by org.testng.reporters.JUnitXMLReporter -->
<testsuite ignored="0" hostname="LAPTOP-FBD5JB60" failures="0" tests="4" name="PetTest" time="4.316" errors="0" timestamp="2024-07-20T16:57:57 EDT">
  <testcase classname="api.test.UserTests2" name="testPostUser" time="2.442"/>
  <testcase classname="api.test.UserTests2" name="testGetUserByName" time="0.208"/>
  <testcase classname="api.test.UserTests2" name="testUpdateUserByName" time="0.327"/>
  <testcase classname="api.test.UserTests2" name="testDeleteUserByName" time="0.148"/>
</testsuite> <!-- PetTest -->
